<?xml version="1.0" encoding="UTF-8" ?>
<testsuite tests="18" failures="1" name="jpacman.TestAll" time="1.176" errors="0" skipped="0">
  <properties>
[...]
</properties>
  <testcase name="testTopLevelAlphaOmega" time="1.112"/>
  <testcase name="testGettingWidthHeight" time="0.001"/>
  <testcase name="testGettingCellsFromBoard" time="0.001"/>
  <testcase name="testOccupy" time="0"/>
  <testcase name="testFailingBoardCreation" time="0.001"/>
  <testcase name="testCellAtOffset" time="0.001"/>
  <testcase name="testAdjacentCellsCenterBoard" time="0.005">
    <failure type="java.lang.AssertionError:">java.lang.AssertionError: 
	at org.junit.Assert.fail(Assert.java:74)
	at org.junit.Assert.assertTrue(Assert.java:37)
	at org.junit.Assert.assertFalse(Assert.java:56)
	at org.junit.Assert.assertFalse(Assert.java:65)
	at jpacman.model.CellTest.testAdjacentCellsCenterBoard(CellTest.java:82)
	at java.base/jdk.internal.reflect.DirectMethodHandleAccessor.invoke(DirectMethodHandleAccessor.java:103)
	at java.base/java.lang.reflect.Method.invoke(Method.java:580)
	at org.junit.internal.runners.TestMethod.invoke(TestMethod.java:59)
	at org.junit.internal.runners.MethodRoadie.runTestMethod(MethodRoadie.java:98)
	at org.junit.internal.runners.MethodRoadie$2.run(MethodRoadie.java:79)
	at org.junit.internal.runners.MethodRoadie.runBeforesThenTestThenAfters(MethodRoadie.java:87)
	at org.junit.internal.runners.MethodRoadie.runTest(MethodRoadie.java:77)
	at org.junit.internal.runners.MethodRoadie.run(MethodRoadie.java:42)
	at org.junit.internal.runners.JUnit4ClassRunner.invokeTestMethod(JUnit4ClassRunner.java:88)
	at org.junit.internal.runners.JUnit4ClassRunner.runMethods(JUnit4ClassRunner.java:51)
	at org.junit.internal.runners.JUnit4ClassRunner$1.run(JUnit4ClassRunner.java:44)
	at org.junit.internal.runners.ClassRoadie.runUnprotected(ClassRoadie.java:27)
	at org.junit.internal.runners.ClassRoadie.runProtected(ClassRoadie.java:37)
	at org.junit.internal.runners.JUnit4ClassRunner.run(JUnit4ClassRunner.java:42)
	at org.junit.internal.runners.CompositeRunner.runChildren(CompositeRunner.java:33)
	at org.junit.runners.Suite.access$000(Suite.java:26)
	at org.junit.runners.Suite$1.run(Suite.java:93)
	at org.junit.internal.runners.ClassRoadie.runUnprotected(ClassRoadie.java:27)
	at org.junit.internal.runners.ClassRoadie.runProtected(ClassRoadie.java:37)
	at org.junit.runners.Suite.run(Suite.java:91)
	at org.apache.maven.surefire.junit4.JUnit4TestSet.execute(JUnit4TestSet.java:62)
	at org.apache.maven.surefire.suite.AbstractDirectoryTestSuite.executeTestSet(AbstractDirectoryTestSuite.java:138)
	at org.apache.maven.surefire.suite.AbstractDirectoryTestSuite.execute(AbstractDirectoryTestSuite.java:163)
	at org.apache.maven.surefire.Surefire.run(Surefire.java:84)
	at java.base/jdk.internal.reflect.DirectMethodHandleAccessor.invoke(DirectMethodHandleAccessor.java:103)
	at java.base/java.lang.reflect.Method.invoke(Method.java:580)
	at org.apache.maven.surefire.booter.SurefireBooter.runSuitesInProcess(SurefireBooter.java:244)
	at org.apache.maven.surefire.booter.SurefireBooter.main(SurefireBooter.java:814)
</failure>
  </testcase>
  <testcase name="testAdjacentCellsBoard" time="0.001"/>
  <testcase name="testAdjacentDiagonal" time="0.001"/>
  <testcase name="testGetMonsters" time="0.001"/>
  <testcase name="testDxDyPossibleMove" time="0.001"/>
  <testcase name="testDxDyImpossibleMove" time="0.001"/>
  <testcase name="addTestCasesHere" time="0.001"/>
  <testcase name="testUpdates" time="0.003"/>
  <testcase name="testSimpleGetters" time="0.001"/>
  <testcase name="testApply" time="0.001"/>
  <testcase name="testMonster" time="0.006"/>
  <testcase name="testPlayer" time="0.006"/>
</testsuite>